<?xml version="1.0" encoding="UTF-8"?>
<!-- Generated by org.testng.reporters.JUnitReportReporter -->
<testsuite hostname="LAPTOP-80AO21VD" name="testcase.LoginTest" tests="1" failures="0" timestamp="30 May 2018 11:29:20 GMT" time="49.493" errors="0">
  <testcase name="login" time="49.493" classname="testcase.LoginTest"/>
</testsuite> <!-- testcase.LoginTest -->
