<?xml version="1.0" encoding="UTF-8"?>
<!-- Generated by org.testng.reporters.JUnitReportReporter -->
<testsuite hostname="LAPTOP-80AO21VD" name="testcase.AdminTest" tests="1" failures="0" timestamp="30 May 2018 11:45:55 GMT" time="85.583" errors="0">
  <testcase name="delete" time="85.583" classname="testcase.AdminTest"/>
</testsuite> <!-- testcase.AdminTest -->
