<?xml version="1.0" encoding="UTF-8"?>
<!-- Generated by org.testng.reporters.JUnitReportReporter -->
<testsuite hostname="LAPTOP-80AO21VD" name="testcase.SearchTest" tests="1" failures="0" timestamp="30 May 2018 11:45:55 GMT" time="26.286" errors="0">
  <testcase name="search" time="26.286" classname="testcase.SearchTest"/>
</testsuite> <!-- testcase.SearchTest -->
