<?xml version="1.0" encoding="UTF-8"?>
<!-- Generated by org.testng.reporters.JUnitReportReporter -->
<testsuite hostname="LAPTOP-80AO21VD" name="haotest.test.test" tests="1" failures="0" timestamp="31 May 2018 05:55:33 GMT" time="0.000" errors="0">
  <testcase name="afast" time="0.000" classname="haotest.test.test"/>
</testsuite> <!-- haotest.test.test -->
